<?xml version="1.0" encoding="UTF-8"?>
<testsuite name="com.bl.springboot.controller.QuantityMeasurementControllerTest" tests="1" skipped="0" failures="0" errors="0" timestamp="2020-07-24T06:30:31" hostname="DESKTOP-JEVG340" time="2.435">
  <properties/>
  <testcase name="givenUnitUrl_WhenGet_ShouldReturnUnitList()" classname="com.bl.springboot.controller.QuantityMeasurementControllerTest" time="2.435"/>
  <system-out><![CDATA[12:00:05.420 [Test worker] DEBUG org.springframework.test.context.BootstrapUtils - Instantiating CacheAwareContextLoaderDelegate from class [org.springframework.test.context.cache.DefaultCacheAwareContextLoaderDelegate]
12:00:05.463 [Test worker] DEBUG org.springframework.test.context.BootstrapUtils - Instantiating BootstrapContext using constructor [public org.springframework.test.context.support.DefaultBootstrapContext(java.lang.Class,org.springframework.test.context.CacheAwareContextLoaderDelegate)]
12:00:05.545 [Test worker] DEBUG org.springframework.test.context.BootstrapUtils - Instantiating TestContextBootstrapper for test class [com.bl.springboot.controller.QuantityMeasurementControllerTest] from class [org.springframework.boot.test.context.SpringBootTestContextBootstrapper]
12:00:05.583 [Test worker] INFO org.springframework.boot.test.context.SpringBootTestContextBootstrapper - Neither @ContextConfiguration nor @ContextHierarchy found for test class [com.bl.springboot.controller.QuantityMeasurementControllerTest], using SpringBootContextLoader
12:00:05.591 [Test worker] DEBUG org.springframework.test.context.support.AbstractContextLoader - Did not detect default resource location for test class [com.bl.springboot.controller.QuantityMeasurementControllerTest]: class path resource [com/bl/springboot/controller/QuantityMeasurementControllerTest-context.xml] does not exist
12:00:05.592 [Test worker] DEBUG org.springframework.test.context.support.AbstractContextLoader - Did not detect default resource location for test class [com.bl.springboot.controller.QuantityMeasurementControllerTest]: class path resource [com/bl/springboot/controller/QuantityMeasurementControllerTestContext.groovy] does not exist
12:00:05.593 [Test worker] INFO org.springframework.test.context.support.AbstractContextLoader - Could not detect default resource locations for test class [com.bl.springboot.controller.QuantityMeasurementControllerTest]: no resource found for suffixes {-context.xml, Context.groovy}.
12:00:05.595 [Test worker] INFO org.springframework.test.context.support.AnnotationConfigContextLoaderUtils - Could not detect default configuration classes for test class [com.bl.springboot.controller.QuantityMeasurementControllerTest]: QuantityMeasurementControllerTest does not declare any static, non-private, non-final, nested classes annotated with @Configuration.
12:00:05.722 [Test worker] DEBUG org.springframework.test.context.support.ActiveProfilesUtils - Could not find an 'annotation declaring class' for annotation type [org.springframework.test.context.ActiveProfiles] and class [com.bl.springboot.controller.QuantityMeasurementControllerTest]
12:00:05.924 [Test worker] DEBUG org.springframework.context.annotation.ClassPathScanningCandidateComponentProvider - Identified candidate component class: file [F:\Tushar_W\BridgeLabz\QuantityMeasurementBackendInSpringBoot\build\classes\java\main\com\bl\springboot\SpringbootApplication.class]
12:00:05.926 [Test worker] INFO org.springframework.boot.test.context.SpringBootTestContextBootstrapper - Found @SpringBootConfiguration com.bl.springboot.SpringbootApplication for test class com.bl.springboot.controller.QuantityMeasurementControllerTest
12:00:06.215 [Test worker] DEBUG org.springframework.boot.test.context.SpringBootTestContextBootstrapper - @TestExecutionListeners is not present for class [com.bl.springboot.controller.QuantityMeasurementControllerTest]: using defaults.
12:00:06.217 [Test worker] INFO org.springframework.boot.test.context.SpringBootTestContextBootstrapper - Loaded default TestExecutionListener class names from location [META-INF/spring.factories]: [org.springframework.boot.test.autoconfigure.restdocs.RestDocsTestExecutionListener, org.springframework.boot.test.autoconfigure.web.client.MockRestServiceServerResetTestExecutionListener, org.springframework.boot.test.autoconfigure.web.servlet.MockMvcPrintOnlyOnFailureTestExecutionListener, org.springframework.boot.test.autoconfigure.web.servlet.WebDriverTestExecutionListener, org.springframework.boot.test.autoconfigure.webservices.client.MockWebServiceServerTestExecutionListener, org.springframework.boot.test.mock.mockito.MockitoTestExecutionListener, org.springframework.boot.test.mock.mockito.ResetMocksTestExecutionListener, org.springframework.test.context.web.ServletTestExecutionListener, org.springframework.test.context.support.DirtiesContextBeforeModesTestExecutionListener, org.springframework.test.context.support.DependencyInjectionTestExecutionListener, org.springframework.test.context.support.DirtiesContextTestExecutionListener, org.springframework.test.context.transaction.TransactionalTestExecutionListener, org.springframework.test.context.jdbc.SqlScriptsTestExecutionListener, org.springframework.test.context.event.EventPublishingTestExecutionListener]
12:00:06.277 [Test worker] DEBUG org.springframework.boot.test.context.SpringBootTestContextBootstrapper - Skipping candidate TestExecutionListener [org.springframework.test.context.transaction.TransactionalTestExecutionListener] due to a missing dependency. Specify custom listener classes or make the default listener classes and their required dependencies available. Offending class: [org/springframework/transaction/interceptor/TransactionAttributeSource]
12:00:06.292 [Test worker] DEBUG org.springframework.boot.test.context.SpringBootTestContextBootstrapper - Skipping candidate TestExecutionListener [org.springframework.test.context.jdbc.SqlScriptsTestExecutionListener] due to a missing dependency. Specify custom listener classes or make the default listener classes and their required dependencies available. Offending class: [org/springframework/transaction/interceptor/TransactionAttribute]
12:00:06.295 [Test worker] INFO org.springframework.boot.test.context.SpringBootTestContextBootstrapper - Using TestExecutionListeners: [org.springframework.test.context.web.ServletTestExecutionListener@7d9fab6b, org.springframework.test.context.support.DirtiesContextBeforeModesTestExecutionListener@137d4821, org.springframework.boot.test.mock.mockito.MockitoTestExecutionListener@3215002f, org.springframework.boot.test.autoconfigure.SpringBootDependencyInjectionTestExecutionListener@2b058baa, org.springframework.test.context.support.DirtiesContextTestExecutionListener@2bc1a952, org.springframework.test.context.event.EventPublishingTestExecutionListener@5204c04b, org.springframework.boot.test.autoconfigure.restdocs.RestDocsTestExecutionListener@488aa65c, org.springframework.boot.test.autoconfigure.web.client.MockRestServiceServerResetTestExecutionListener@4f553c3c, org.springframework.boot.test.autoconfigure.web.servlet.MockMvcPrintOnlyOnFailureTestExecutionListener@697887bd, org.springframework.boot.test.autoconfigure.web.servlet.WebDriverTestExecutionListener@1d0a0441, org.springframework.boot.test.autoconfigure.webservices.client.MockWebServiceServerTestExecutionListener@2fe9fa, org.springframework.boot.test.mock.mockito.ResetMocksTestExecutionListener@667d811f]
12:00:06.375 [Test worker] DEBUG org.springframework.test.context.support.AbstractDirtiesContextTestExecutionListener - Before test class: context [DefaultTestContext@12bb995f testClass = QuantityMeasurementControllerTest, testInstance = [null], testMethod = [null], testException = [null], mergedContextConfiguration = [WebMergedContextConfiguration@1a8e050e testClass = QuantityMeasurementControllerTest, locations = '{}', classes = '{class com.bl.springboot.SpringbootApplication}', contextInitializerClasses = '[]', activeProfiles = '{}', propertySourceLocations = '{}', propertySourceProperties = '{org.springframework.boot.test.context.SpringBootTestContextBootstrapper=true}', contextCustomizers = set[org.springframework.boot.test.autoconfigure.properties.PropertyMappingContextCustomizer@4b3fa0b3, org.springframework.boot.test.autoconfigure.web.servlet.WebDriverContextCustomizerFactory$Customizer@57804aaf, [ImportsContextCustomizer@1e91bca1 key = [org.springframework.boot.test.autoconfigure.web.servlet.MockMvcAutoConfiguration, org.springframework.boot.test.autoconfigure.web.servlet.MockMvcWebClientAutoConfiguration, org.springframework.boot.test.autoconfigure.web.servlet.MockMvcWebDriverAutoConfiguration, org.springframework.boot.autoconfigure.security.oauth2.client.servlet.OAuth2ClientAutoConfiguration, org.springframework.boot.autoconfigure.security.oauth2.resource.servlet.OAuth2ResourceServerAutoConfiguration, org.springframework.boot.autoconfigure.security.servlet.SecurityAutoConfiguration, org.springframework.boot.autoconfigure.security.servlet.SecurityFilterAutoConfiguration, org.springframework.boot.autoconfigure.security.servlet.UserDetailsServiceAutoConfiguration, org.springframework.boot.test.autoconfigure.web.servlet.MockMvcSecurityConfiguration]], org.springframework.boot.test.context.filter.ExcludeFilterContextCustomizer@5b435a9c, org.springframework.boot.test.json.DuplicateJsonObjectContextCustomizerFactory$DuplicateJsonObjectContextCustomizer@6dd7bd00, org.springframework.boot.test.mock.mockito.MockitoContextCustomizer@9d5f948a, org.springframework.boot.test.web.client.TestRestTemplateContextCustomizer@5278b612, org.springframework.boot.test.context.SpringBootTestArgs@1], resourceBasePath = 'src/main/webapp', contextLoader = 'org.springframework.boot.test.context.SpringBootContextLoader', parent = [null]], attributes = map['org.springframework.test.context.web.ServletTestExecutionListener.activateListener' -> true]], class annotated with @DirtiesContext [false] with mode [null].
12:00:06.501 [Test worker] DEBUG org.springframework.test.context.support.TestPropertySourceUtils - Adding inlined properties to environment: {spring.jmx.enabled=false, org.springframework.boot.test.context.SpringBootTestContextBootstrapper=true}

  .   ____          _            __ _ _
 /\\ / ___'_ __ _ _(_)_ __  __ _ \ \ \ \
( ( )\___ | '_ | '_| | '_ \/ _` | \ \ \ \
 \\/  ___)| |_)| | | | | || (_| |  ) ) ) )
  '  |____| .__|_| |_|_| |_\__, | / / / /
 =========|_|==============|___/=/_/_/_/
 :: Spring Boot ::        (v2.3.1.RELEASE)

2020-07-24 12:00:08.356  INFO 9836 --- [    Test worker] .b.s.c.QuantityMeasurementControllerTest : Starting QuantityMeasurementControllerTest on DESKTOP-JEVG340 with PID 9836 (started by om in F:\Tushar_W\BridgeLabz\QuantityMeasurementBackendInSpringBoot)
2020-07-24 12:00:08.369  INFO 9836 --- [    Test worker] .b.s.c.QuantityMeasurementControllerTest : No active profile set, falling back to default profiles: default
2020-07-24 12:00:28.894  INFO 9836 --- [    Test worker] o.s.s.concurrent.ThreadPoolTaskExecutor  : Initializing ExecutorService 'applicationTaskExecutor'
2020-07-24 12:00:31.409  INFO 9836 --- [    Test worker] o.s.b.t.m.w.SpringBootMockServletContext : Initializing Spring TestDispatcherServlet ''
2020-07-24 12:00:31.410  INFO 9836 --- [    Test worker] o.s.t.web.servlet.TestDispatcherServlet  : Initializing Servlet ''
2020-07-24 12:00:31.505  INFO 9836 --- [    Test worker] o.s.t.web.servlet.TestDispatcherServlet  : Completed initialization in 94 ms
2020-07-24 12:00:31.736  INFO 9836 --- [    Test worker] .b.s.c.QuantityMeasurementControllerTest : Started QuantityMeasurementControllerTest in 25.219 seconds (JVM running for 33.798)
]]></system-out>
  <system-err><![CDATA[]]></system-err>
</testsuite>
